  [1m[36m (4.9ms)[0m  [1mCREATE TABLE "schema_migrations" ("version" character varying NOT NULL) [0m
  [1m[35m (1.5ms)[0m  CREATE UNIQUE INDEX  "unique_schema_migrations" ON "schema_migrations"  ("version")
  [1m[36mActiveRecord::SchemaMigration Load (0.5ms)[0m  [1mSELECT "schema_migrations".* FROM "schema_migrations"[0m
Migrating to CreateUsers (20150226231808)
  [1m[35m (0.2ms)[0m  BEGIN
  [1m[36m (5.9ms)[0m  [1mCREATE TABLE "users" ("id" serial primary key, "username" character varying NOT NULL, "email" character varying NOT NULL, "password_digest" character varying, "created_at" timestamp NOT NULL, "updated_at" timestamp NOT NULL) [0m
  [1m[35mSQL (0.4ms)[0m  INSERT INTO "schema_migrations" ("version") VALUES ($1)  [["version", "20150226231808"]]
  [1m[36m (0.5ms)[0m  [1mCOMMIT[0m
Migrating to CreateQuestions (20150226231833)
  [1m[35m (0.2ms)[0m  BEGIN
  [1m[36m (3.7ms)[0m  [1mCREATE TABLE "questions" ("id" serial primary key, "user_id" integer NOT NULL, "url" character varying NOT NULL, "title" character varying NOT NULL, "created_at" timestamp NOT NULL, "updated_at" timestamp NOT NULL) [0m
  [1m[35mSQL (0.2ms)[0m  INSERT INTO "schema_migrations" ("version") VALUES ($1)  [["version", "20150226231833"]]
  [1m[36m (1.6ms)[0m  [1mCOMMIT[0m
Migrating to CreateAnswers (20150226231936)
  [1m[35m (0.2ms)[0m  BEGIN
  [1m[36m (4.5ms)[0m  [1mCREATE TABLE "answers" ("id" serial primary key, "question_id" integer NOT NULL, "user_id" integer NOT NULL, "content" text NOT NULL, "accepted" boolean DEFAULT 'f', "created_at" timestamp NOT NULL, "updated_at" timestamp NOT NULL) [0m
  [1m[35mSQL (0.2ms)[0m  INSERT INTO "schema_migrations" ("version") VALUES ($1)  [["version", "20150226231936"]]
  [1m[36m (3.0ms)[0m  [1mCOMMIT[0m
Migrating to CreateComments (20150226232024)
  [1m[35m (0.3ms)[0m  BEGIN
  [1m[36m (3.4ms)[0m  [1mCREATE TABLE "comments" ("id" serial primary key, "commentable_id" integer, "commentable_type" character varying, "user_id" integer, "content" text, "created_at" timestamp NOT NULL, "updated_at" timestamp NOT NULL) [0m
  [1m[35m (0.9ms)[0m  CREATE  INDEX  "index_comments_on_commentable_type_and_commentable_id" ON "comments"  ("commentable_type", "commentable_id")
  [1m[36mSQL (0.2ms)[0m  [1mINSERT INTO "schema_migrations" ("version") VALUES ($1)[0m  [["version", "20150226232024"]]
  [1m[35m (1.4ms)[0m  COMMIT
Migrating to CreateVotes (20150226232051)
  [1m[36m (0.5ms)[0m  [1mBEGIN[0m
  [1m[35m (4.0ms)[0m  CREATE TABLE "votes" ("id" serial primary key, "votable_id" integer, "votable_type" character varying, "user_id" integer NOT NULL, "value" integer NOT NULL, "created_at" timestamp NOT NULL, "updated_at" timestamp NOT NULL) 
  [1m[36m (1.0ms)[0m  [1mCREATE  INDEX  "index_votes_on_votable_type_and_votable_id" ON "votes"  ("votable_type", "votable_id")[0m
  [1m[35mSQL (0.1ms)[0m  INSERT INTO "schema_migrations" ("version") VALUES ($1)  [["version", "20150226232051"]]
  [1m[36m (0.4ms)[0m  [1mCOMMIT[0m
  [1m[35mActiveRecord::SchemaMigration Load (0.2ms)[0m  SELECT "schema_migrations".* FROM "schema_migrations"
  [1m[36m (3.8ms)[0m  [1mSELECT t2.oid::regclass::text AS to_table, a1.attname AS column, a2.attname AS primary_key, c.conname AS name, c.confupdtype AS on_update, c.confdeltype AS on_delete
FROM pg_constraint c
JOIN pg_class t1 ON c.conrelid = t1.oid
JOIN pg_class t2 ON c.confrelid = t2.oid
JOIN pg_attribute a1 ON a1.attnum = c.conkey[1] AND a1.attrelid = t1.oid
JOIN pg_attribute a2 ON a2.attnum = c.confkey[1] AND a2.attrelid = t2.oid
JOIN pg_namespace t3 ON c.connamespace = t3.oid
WHERE c.contype = 'f'
  AND t1.relname = 'answers'
  AND t3.nspname = ANY (current_schemas(false))
ORDER BY c.conname
[0m
  [1m[35m (3.5ms)[0m  SELECT t2.oid::regclass::text AS to_table, a1.attname AS column, a2.attname AS primary_key, c.conname AS name, c.confupdtype AS on_update, c.confdeltype AS on_delete
FROM pg_constraint c
JOIN pg_class t1 ON c.conrelid = t1.oid
JOIN pg_class t2 ON c.confrelid = t2.oid
JOIN pg_attribute a1 ON a1.attnum = c.conkey[1] AND a1.attrelid = t1.oid
JOIN pg_attribute a2 ON a2.attnum = c.confkey[1] AND a2.attrelid = t2.oid
JOIN pg_namespace t3 ON c.connamespace = t3.oid
WHERE c.contype = 'f'
  AND t1.relname = 'comments'
  AND t3.nspname = ANY (current_schemas(false))
ORDER BY c.conname

  [1m[36m (5.4ms)[0m  [1mSELECT t2.oid::regclass::text AS to_table, a1.attname AS column, a2.attname AS primary_key, c.conname AS name, c.confupdtype AS on_update, c.confdeltype AS on_delete
FROM pg_constraint c
JOIN pg_class t1 ON c.conrelid = t1.oid
JOIN pg_class t2 ON c.confrelid = t2.oid
JOIN pg_attribute a1 ON a1.attnum = c.conkey[1] AND a1.attrelid = t1.oid
JOIN pg_attribute a2 ON a2.attnum = c.confkey[1] AND a2.attrelid = t2.oid
JOIN pg_namespace t3 ON c.connamespace = t3.oid
WHERE c.contype = 'f'
  AND t1.relname = 'questions'
  AND t3.nspname = ANY (current_schemas(false))
ORDER BY c.conname
[0m
  [1m[35m (3.4ms)[0m  SELECT t2.oid::regclass::text AS to_table, a1.attname AS column, a2.attname AS primary_key, c.conname AS name, c.confupdtype AS on_update, c.confdeltype AS on_delete
FROM pg_constraint c
JOIN pg_class t1 ON c.conrelid = t1.oid
JOIN pg_class t2 ON c.confrelid = t2.oid
JOIN pg_attribute a1 ON a1.attnum = c.conkey[1] AND a1.attrelid = t1.oid
JOIN pg_attribute a2 ON a2.attnum = c.confkey[1] AND a2.attrelid = t2.oid
JOIN pg_namespace t3 ON c.connamespace = t3.oid
WHERE c.contype = 'f'
  AND t1.relname = 'users'
  AND t3.nspname = ANY (current_schemas(false))
ORDER BY c.conname

  [1m[36m (3.1ms)[0m  [1mSELECT t2.oid::regclass::text AS to_table, a1.attname AS column, a2.attname AS primary_key, c.conname AS name, c.confupdtype AS on_update, c.confdeltype AS on_delete
FROM pg_constraint c
JOIN pg_class t1 ON c.conrelid = t1.oid
JOIN pg_class t2 ON c.confrelid = t2.oid
JOIN pg_attribute a1 ON a1.attnum = c.conkey[1] AND a1.attrelid = t1.oid
JOIN pg_attribute a2 ON a2.attnum = c.confkey[1] AND a2.attrelid = t2.oid
JOIN pg_namespace t3 ON c.connamespace = t3.oid
WHERE c.contype = 'f'
  AND t1.relname = 'votes'
  AND t3.nspname = ANY (current_schemas(false))
ORDER BY c.conname
[0m
  [1m[36mActiveRecord::SchemaMigration Load (0.4ms)[0m  [1mSELECT "schema_migrations".* FROM "schema_migrations"[0m
  [1m[35m (0.1ms)[0m  BEGIN
  [1m[36mUser Exists (1.1ms)[0m  [1mSELECT  1 AS one FROM "users" WHERE "users"."username" = 'Anna' LIMIT 1[0m
  [1m[35mUser Exists (0.3ms)[0m  SELECT  1 AS one FROM "users" WHERE "users"."email" = 'aftaberski@gmail.com' LIMIT 1
  [1m[36mSQL (0.4ms)[0m  [1mINSERT INTO "users" ("username", "email", "password_digest", "created_at", "updated_at") VALUES ($1, $2, $3, $4, $5) RETURNING "id"[0m  [["username", "Anna"], ["email", "aftaberski@gmail.com"], ["password_digest", "$2a$10$nY3fc2Yz2Ks3Uqdj6zk35ewkA0tBbRV8LEgOARx7fIUzSKGZkeDNu"], ["created_at", "2015-04-14 19:05:29.836914"], ["updated_at", "2015-04-14 19:05:29.836914"]]
  [1m[35m (0.3ms)[0m  COMMIT
  [1m[36m (0.1ms)[0m  [1mBEGIN[0m
  [1m[35mUser Exists (0.3ms)[0m  SELECT  1 AS one FROM "users" WHERE "users"."username" = 'Lucas' LIMIT 1
  [1m[36mUser Exists (0.2ms)[0m  [1mSELECT  1 AS one FROM "users" WHERE "users"."email" = 'lucase@gmail.com' LIMIT 1[0m
  [1m[35mSQL (0.2ms)[0m  INSERT INTO "users" ("username", "email", "password_digest", "created_at", "updated_at") VALUES ($1, $2, $3, $4, $5) RETURNING "id"  [["username", "Lucas"], ["email", "lucase@gmail.com"], ["password_digest", "$2a$10$29rUfwgVAMHcZ2R7ZxJN3emQjl0H/tUsEWPADPtRIgrwNOM1bL15C"], ["created_at", "2015-04-14 19:05:29.913671"], ["updated_at", "2015-04-14 19:05:29.913671"]]
  [1m[36m (0.4ms)[0m  [1mCOMMIT[0m
  [1m[35m (0.1ms)[0m  BEGIN
  [1m[36mSQL (0.5ms)[0m  [1mINSERT INTO "questions" ("user_id", "url", "title", "created_at", "updated_at") VALUES ($1, $2, $3, $4, $5) RETURNING "id"[0m  [["user_id", 1], ["url", "http://upload.wikimedia.org/wikipedia/commons/1/13/Rundown_Shack.jpg"], ["title", "more bacon"], ["created_at", "2015-04-14 19:05:29.931021"], ["updated_at", "2015-04-14 19:05:29.931021"]]
  [1m[35m (0.4ms)[0m  COMMIT
  [1m[36m (0.1ms)[0m  [1mBEGIN[0m
  [1m[35mSQL (0.2ms)[0m  INSERT INTO "questions" ("user_id", "url", "title", "created_at", "updated_at") VALUES ($1, $2, $3, $4, $5) RETURNING "id"  [["user_id", 1], ["url", "http://upload.wikimedia.org/wikipedia/commons/6/6c/Shack_in_Pigeon_Forge,_TN_by_Zachary_Davies.jpg"], ["title", "thats mr. bacon to you"], ["created_at", "2015-04-14 19:05:29.934161"], ["updated_at", "2015-04-14 19:05:29.934161"]]
  [1m[36m (0.3ms)[0m  [1mCOMMIT[0m
  [1m[35m (0.1ms)[0m  BEGIN
  [1m[36mSQL (0.3ms)[0m  [1mINSERT INTO "questions" ("user_id", "url", "title", "created_at", "updated_at") VALUES ($1, $2, $3, $4, $5) RETURNING "id"[0m  [["user_id", 1], ["url", "http://upload.wikimedia.org/wikipedia/commons/9/98/Arvin,_Kern_County,_California._One_in_a_community_of_shacks_in_subdivided_orchard_rented_to_agricul_._._._-_NARA_-_521661.jpg"], ["title", "aaaaaa"], ["created_at", "2015-04-14 19:05:29.936483"], ["updated_at", "2015-04-14 19:05:29.936483"]]
  [1m[35m (0.4ms)[0m  COMMIT
  [1m[36m (0.1ms)[0m  [1mBEGIN[0m
  [1m[35mQuestion Load (0.3ms)[0m  SELECT  "questions".* FROM "questions" WHERE "questions"."id" = $1 LIMIT 1  [["id", 1]]
  [1m[36mSQL (0.5ms)[0m  [1mUPDATE "answers" SET "accepted" = 'f' WHERE "answers"."question_id" = $1[0m  [["question_id", 1]]
  [1m[35mSQL (0.4ms)[0m  INSERT INTO "answers" ("question_id", "user_id", "content", "created_at", "updated_at") VALUES ($1, $2, $3, $4, $5) RETURNING "id"  [["question_id", 1], ["user_id", 1], ["content", "NO! I WANT CHICKEN!"], ["created_at", "2015-04-14 19:05:29.967108"], ["updated_at", "2015-04-14 19:05:29.967108"]]
  [1m[36m (0.4ms)[0m  [1mCOMMIT[0m
  [1m[35m (0.1ms)[0m  BEGIN
  [1m[36mQuestion Load (0.2ms)[0m  [1mSELECT  "questions".* FROM "questions" WHERE "questions"."id" = $1 LIMIT 1[0m  [["id", 1]]
  [1m[35mSQL (0.2ms)[0m  UPDATE "answers" SET "accepted" = 'f' WHERE "answers"."question_id" = $1  [["question_id", 1]]
  [1m[36mSQL (0.2ms)[0m  [1mINSERT INTO "answers" ("question_id", "user_id", "content", "created_at", "updated_at") VALUES ($1, $2, $3, $4, $5) RETURNING "id"[0m  [["question_id", 1], ["user_id", 1], ["content", "NO! I WANT CHICKEN!"], ["created_at", "2015-04-14 19:05:29.971821"], ["updated_at", "2015-04-14 19:05:29.971821"]]
  [1m[35m (0.3ms)[0m  COMMIT
  [1m[36m (0.1ms)[0m  [1mBEGIN[0m
  [1m[35mSQL (0.6ms)[0m  INSERT INTO "comments" ("commentable_id", "commentable_type", "content", "created_at", "updated_at") VALUES ($1, $2, $3, $4, $5) RETURNING "id"  [["commentable_id", 1], ["commentable_type", "Question"], ["content", "Veggie Bacon"], ["created_at", "2015-04-14 19:05:30.024182"], ["updated_at", "2015-04-14 19:05:30.024182"]]
  [1m[36m (0.4ms)[0m  [1mCOMMIT[0m
  [1m[35m (0.1ms)[0m  BEGIN
  [1m[36mSQL (0.3ms)[0m  [1mINSERT INTO "comments" ("commentable_id", "commentable_type", "content", "created_at", "updated_at") VALUES ($1, $2, $3, $4, $5) RETURNING "id"[0m  [["commentable_id", 1], ["commentable_type", "Answer"], ["content", "Veggie Bacon"], ["created_at", "2015-04-14 19:05:30.027635"], ["updated_at", "2015-04-14 19:05:30.027635"]]
  [1m[35m (0.3ms)[0m  COMMIT
  [1m[36m (0.1ms)[0m  [1mBEGIN[0m
  [1m[35mSQL (0.6ms)[0m  INSERT INTO "votes" ("votable_id", "votable_type", "user_id", "value", "created_at", "updated_at") VALUES ($1, $2, $3, $4, $5, $6) RETURNING "id"  [["votable_id", 1], ["votable_type", "Question"], ["user_id", 1], ["value", 1], ["created_at", "2015-04-14 19:05:30.041012"], ["updated_at", "2015-04-14 19:05:30.041012"]]
  [1m[36m (0.4ms)[0m  [1mCOMMIT[0m
  [1m[35m (0.1ms)[0m  BEGIN
  [1m[36mSQL (0.2ms)[0m  [1mINSERT INTO "votes" ("votable_id", "votable_type", "user_id", "value", "created_at", "updated_at") VALUES ($1, $2, $3, $4, $5, $6) RETURNING "id"[0m  [["votable_id", 1], ["votable_type", "Answer"], ["user_id", 1], ["value", 1], ["created_at", "2015-04-14 19:05:30.044466"], ["updated_at", "2015-04-14 19:05:30.044466"]]
  [1m[35m (0.3ms)[0m  COMMIT
  [1m[36m (0.1ms)[0m  [1mBEGIN[0m
  [1m[35mSQL (0.2ms)[0m  INSERT INTO "votes" ("votable_id", "votable_type", "user_id", "value", "created_at", "updated_at") VALUES ($1, $2, $3, $4, $5, $6) RETURNING "id"  [["votable_id", 2], ["votable_type", "Answer"], ["user_id", 1], ["value", 1], ["created_at", "2015-04-14 19:05:30.046615"], ["updated_at", "2015-04-14 19:05:30.046615"]]
  [1m[36m (0.3ms)[0m  [1mCOMMIT[0m
  [1m[35m (0.1ms)[0m  BEGIN
  [1m[36mSQL (0.2ms)[0m  [1mINSERT INTO "votes" ("votable_id", "votable_type", "user_id", "value", "created_at", "updated_at") VALUES ($1, $2, $3, $4, $5, $6) RETURNING "id"[0m  [["votable_id", 2], ["votable_type", "Question"], ["user_id", 2], ["value", 1], ["created_at", "2015-04-14 19:05:30.048789"], ["updated_at", "2015-04-14 19:05:30.048789"]]
  [1m[35m (0.3ms)[0m  COMMIT
  [1m[36m (0.1ms)[0m  [1mBEGIN[0m
  [1m[35mSQL (0.2ms)[0m  INSERT INTO "votes" ("votable_id", "votable_type", "user_id", "value", "created_at", "updated_at") VALUES ($1, $2, $3, $4, $5, $6) RETURNING "id"  [["votable_id", 2], ["votable_type", "Question"], ["user_id", 1], ["value", 1], ["created_at", "2015-04-14 19:05:30.050774"], ["updated_at", "2015-04-14 19:05:30.050774"]]
  [1m[36m (0.3ms)[0m  [1mCOMMIT[0m


Started GET "/" for ::1 at 2015-04-14 15:05:41 -0400
  [1m[36mActiveRecord::SchemaMigration Load (0.4ms)[0m  [1mSELECT "schema_migrations".* FROM "schema_migrations"[0m
Processing by WelcomeController#index as HTML
  Rendered welcome/index.html.erb within layouts/application (1.5ms)
Completed 200 OK in 259ms (Views: 249.2ms | ActiveRecord: 0.0ms)


Started GET "/assets/jquery-87424c3c19e96d4fb033c10ebe21ec40.js?body=1" for ::1 at 2015-04-14 15:05:42 -0400


Started GET "/assets/application-f4e4a94694eac34ee76ff173c78e251d.css?body=1" for ::1 at 2015-04-14 15:05:42 -0400


Started GET "/assets/answer-ff84f1ae2132f6ae0178b1e766bf7f24.js?body=1" for ::1 at 2015-04-14 15:05:42 -0400


Started GET "/assets/app-276fcb59e629114cc5b6392773a956e2.js?body=1" for ::1 at 2015-04-14 15:05:42 -0400


Started GET "/assets/application-a7606ca2d39bd8cba842dfad33263387.js?body=1" for ::1 at 2015-04-14 15:05:42 -0400


Started GET "/assets/jquery_ujs-e27bd20a10d28155845a22d71ef94f2f.js?body=1" for ::1 at 2015-04-14 15:05:42 -0400


Started GET "/assets/question-9cc39715095d4e05fa3647ea00d586a5.js?body=1" for ::1 at 2015-04-14 15:05:42 -0400


Started GET "/assets/login-e48bffc4427e5aee6b0443ee5cfa4253.js?body=1" for ::1 at 2015-04-14 15:05:42 -0400


Started GET "/assets/comment-4a3260b3bc3c301cd1b059ca5e2ec1f2.js?body=1" for ::1 at 2015-04-14 15:05:42 -0400


Started GET "/" for ::1 at 2015-04-14 15:12:12 -0400
  [1m[36mActiveRecord::SchemaMigration Load (0.4ms)[0m  [1mSELECT "schema_migrations".* FROM "schema_migrations"[0m
Processing by WelcomeController#index as HTML
  Rendered welcome/index.html.erb within layouts/application (1.5ms)
Completed 200 OK in 154ms (Views: 145.3ms | ActiveRecord: 0.0ms)


Started GET "/assets/jquery-87424c3c19e96d4fb033c10ebe21ec40.js?body=1" for ::1 at 2015-04-14 15:12:13 -0400


Started GET "/assets/application-f4e4a94694eac34ee76ff173c78e251d.css?body=1" for ::1 at 2015-04-14 15:12:13 -0400


Started GET "/assets/jquery_ujs-e27bd20a10d28155845a22d71ef94f2f.js?body=1" for ::1 at 2015-04-14 15:12:13 -0400


Started GET "/assets/answer-ff84f1ae2132f6ae0178b1e766bf7f24.js?body=1" for ::1 at 2015-04-14 15:12:13 -0400


Started GET "/assets/app-276fcb59e629114cc5b6392773a956e2.js?body=1" for ::1 at 2015-04-14 15:12:13 -0400


Started GET "/assets/comment-4a3260b3bc3c301cd1b059ca5e2ec1f2.js?body=1" for ::1 at 2015-04-14 15:12:13 -0400


Started GET "/assets/login-e48bffc4427e5aee6b0443ee5cfa4253.js?body=1" for ::1 at 2015-04-14 15:12:13 -0400


Started GET "/assets/question-9cc39715095d4e05fa3647ea00d586a5.js?body=1" for ::1 at 2015-04-14 15:12:13 -0400


Started GET "/assets/application-a7606ca2d39bd8cba842dfad33263387.js?body=1" for ::1 at 2015-04-14 15:12:13 -0400


Started GET "/" for ::1 at 2015-04-14 15:20:50 -0400
  [1m[36mActiveRecord::SchemaMigration Load (0.5ms)[0m  [1mSELECT "schema_migrations".* FROM "schema_migrations"[0m
Processing by WelcomeController#index as HTML
  Rendered welcome/index.html.erb within layouts/application (1.0ms)
Completed 200 OK in 172ms (Views: 164.0ms | ActiveRecord: 0.0ms)


Started GET "/assets/base-9ace492b1eba3665542a7fa8e1f4a9fa.css?body=1" for ::1 at 2015-04-14 15:20:50 -0400


Started GET "/assets/jquery-87424c3c19e96d4fb033c10ebe21ec40.js?body=1" for ::1 at 2015-04-14 15:20:50 -0400


Started GET "/assets/application-341c6febfb81c499baf602f60f70f0ab.css?body=1" for ::1 at 2015-04-14 15:20:50 -0400


Started GET "/assets/font-e62667dfc9f96164adc106093f77951d.css?body=1" for ::1 at 2015-04-14 15:20:50 -0400


Started GET "/assets/jquery_ujs-e27bd20a10d28155845a22d71ef94f2f.js?body=1" for ::1 at 2015-04-14 15:20:50 -0400


Started GET "/base.css" for ::1 at 2015-04-14 15:20:50 -0400

ActionController::RoutingError (No route matches [GET] "/base.css"):
  web-console (2.0.0) lib/action_dispatch/debug_exceptions.rb:22:in `middleware_call'
  web-console (2.0.0) lib/action_dispatch/debug_exceptions.rb:13:in `call'
  actionpack (4.2.0) lib/action_dispatch/middleware/show_exceptions.rb:30:in `call'
  railties (4.2.0) lib/rails/rack/logger.rb:38:in `call_app'
  railties (4.2.0) lib/rails/rack/logger.rb:20:in `block in call'
  activesupport (4.2.0) lib/active_support/tagged_logging.rb:68:in `block in tagged'
  activesupport (4.2.0) lib/active_support/tagged_logging.rb:26:in `tagged'
  activesupport (4.2.0) lib/active_support/tagged_logging.rb:68:in `tagged'
  railties (4.2.0) lib/rails/rack/logger.rb:20:in `call'
  actionpack (4.2.0) lib/action_dispatch/middleware/request_id.rb:21:in `call'
  rack (1.6.0) lib/rack/methodoverride.rb:22:in `call'
  rack (1.6.0) lib/rack/runtime.rb:18:in `call'
  activesupport (4.2.0) lib/active_support/cache/strategy/local_cache_middleware.rb:28:in `call'
  rack (1.6.0) lib/rack/lock.rb:17:in `call'
  actionpack (4.2.0) lib/action_dispatch/middleware/static.rb:113:in `call'
  rack (1.6.0) lib/rack/sendfile.rb:113:in `call'
  railties (4.2.0) lib/rails/engine.rb:518:in `call'
  railties (4.2.0) lib/rails/application.rb:164:in `call'
  rack (1.6.0) lib/rack/lock.rb:17:in `call'
  rack (1.6.0) lib/rack/content_length.rb:15:in `call'
  rack (1.6.0) lib/rack/handler/webrick.rb:89:in `service'
  /Users/daviddeneroff/.rbenv/versions/2.0.0-p481/lib/ruby/2.0.0/webrick/httpserver.rb:138:in `service'
  /Users/daviddeneroff/.rbenv/versions/2.0.0-p481/lib/ruby/2.0.0/webrick/httpserver.rb:94:in `run'
  /Users/daviddeneroff/.rbenv/versions/2.0.0-p481/lib/ruby/2.0.0/webrick/server.rb:295:in `block in start_thread'


  Rendered /Users/daviddeneroff/.rbenv/versions/2.0.0-p481/lib/ruby/gems/2.0.0/gems/web-console-2.0.0/lib/action_dispatch/templates/rescues/_trace.html.erb (1.4ms)
  Rendered /Users/daviddeneroff/.rbenv/versions/2.0.0-p481/lib/ruby/gems/2.0.0/gems/web-console-2.0.0/lib/action_dispatch/templates/routes/_route.html.erb (1.9ms)
  Rendered /Users/daviddeneroff/.rbenv/versions/2.0.0-p481/lib/ruby/gems/2.0.0/gems/web-console-2.0.0/lib/action_dispatch/templates/routes/_table.html.erb (8.6ms)
  Rendered /Users/daviddeneroff/.rbenv/versions/2.0.0-p481/lib/ruby/gems/2.0.0/gems/web-console-2.0.0/lib/action_dispatch/templates/rescues/_request_and_response.html.erb (1.2ms)
  Rendered /Users/daviddeneroff/.rbenv/versions/2.0.0-p481/lib/ruby/gems/2.0.0/gems/web-console-2.0.0/lib/action_dispatch/templates/rescues/_web_console.html.erb (0.9ms)
  Rendered /Users/daviddeneroff/.rbenv/versions/2.0.0-p481/lib/ruby/gems/2.0.0/gems/web-console-2.0.0/lib/action_dispatch/templates/rescues/routing_error.html.erb within rescues/layout (53.4ms)


Started GET "/font.css" for ::1 at 2015-04-14 15:20:51 -0400

ActionController::RoutingError (No route matches [GET] "/font.css"):
  web-console (2.0.0) lib/action_dispatch/debug_exceptions.rb:22:in `middleware_call'
  web-console (2.0.0) lib/action_dispatch/debug_exceptions.rb:13:in `call'
  actionpack (4.2.0) lib/action_dispatch/middleware/show_exceptions.rb:30:in `call'
  railties (4.2.0) lib/rails/rack/logger.rb:38:in `call_app'
  railties (4.2.0) lib/rails/rack/logger.rb:20:in `block in call'
  activesupport (4.2.0) lib/active_support/tagged_logging.rb:68:in `block in tagged'
  activesupport (4.2.0) lib/active_support/tagged_logging.rb:26:in `tagged'
  activesupport (4.2.0) lib/active_support/tagged_logging.rb:68:in `tagged'
  railties (4.2.0) lib/rails/rack/logger.rb:20:in `call'
  actionpack (4.2.0) lib/action_dispatch/middleware/request_id.rb:21:in `call'
  rack (1.6.0) lib/rack/methodoverride.rb:22:in `call'
  rack (1.6.0) lib/rack/runtime.rb:18:in `call'
  activesupport (4.2.0) lib/active_support/cache/strategy/local_cache_middleware.rb:28:in `call'
  rack (1.6.0) lib/rack/lock.rb:17:in `call'
  actionpack (4.2.0) lib/action_dispatch/middleware/static.rb:113:in `call'
  rack (1.6.0) lib/rack/sendfile.rb:113:in `call'
  railties (4.2.0) lib/rails/engine.rb:518:in `call'
  railties (4.2.0) lib/rails/application.rb:164:in `call'
  rack (1.6.0) lib/rack/lock.rb:17:in `call'
  rack (1.6.0) lib/rack/content_length.rb:15:in `call'
  rack (1.6.0) lib/rack/handler/webrick.rb:89:in `service'
  /Users/daviddeneroff/.rbenv/versions/2.0.0-p481/lib/ruby/2.0.0/webrick/httpserver.rb:138:in `service'
  /Users/daviddeneroff/.rbenv/versions/2.0.0-p481/lib/ruby/2.0.0/webrick/httpserver.rb:94:in `run'
  /Users/daviddeneroff/.rbenv/versions/2.0.0-p481/lib/ruby/2.0.0/webrick/server.rb:295:in `block in start_thread'


  Rendered /Users/daviddeneroff/.rbenv/versions/2.0.0-p481/lib/ruby/gems/2.0.0/gems/web-console-2.0.0/lib/action_dispatch/templates/rescues/_trace.html.erb (44.2ms)
  Rendered /Users/daviddeneroff/.rbenv/versions/2.0.0-p481/lib/ruby/gems/2.0.0/gems/web-console-2.0.0/lib/action_dispatch/templates/routes/_route.html.erb (1.9ms)
  Rendered /Users/daviddeneroff/.rbenv/versions/2.0.0-p481/lib/ruby/gems/2.0.0/gems/web-console-2.0.0/lib/action_dispatch/templates/routes/_table.html.erb (0.9ms)
  Rendered /Users/daviddeneroff/.rbenv/versions/2.0.0-p481/lib/ruby/gems/2.0.0/gems/web-console-2.0.0/lib/action_dispatch/templates/rescues/_request_and_response.html.erb (1.0ms)
  Rendered /Users/daviddeneroff/.rbenv/versions/2.0.0-p481/lib/ruby/gems/2.0.0/gems/web-console-2.0.0/lib/action_dispatch/templates/rescues/_web_console.html.erb (0.8ms)
  Rendered /Users/daviddeneroff/.rbenv/versions/2.0.0-p481/lib/ruby/gems/2.0.0/gems/web-console-2.0.0/lib/action_dispatch/templates/rescues/routing_error.html.erb within rescues/layout (73.4ms)


Started GET "/assets/answer-ff84f1ae2132f6ae0178b1e766bf7f24.js?body=1" for ::1 at 2015-04-14 15:20:51 -0400


Started GET "/assets/app-276fcb59e629114cc5b6392773a956e2.js?body=1" for ::1 at 2015-04-14 15:20:51 -0400


Started GET "/assets/comment-4a3260b3bc3c301cd1b059ca5e2ec1f2.js?body=1" for ::1 at 2015-04-14 15:20:51 -0400


Started GET "/assets/login-e48bffc4427e5aee6b0443ee5cfa4253.js?body=1" for ::1 at 2015-04-14 15:20:51 -0400


Started GET "/assets/question-9cc39715095d4e05fa3647ea00d586a5.js?body=1" for ::1 at 2015-04-14 15:20:51 -0400


Started GET "/assets/application-a7606ca2d39bd8cba842dfad33263387.js?body=1" for ::1 at 2015-04-14 15:20:51 -0400


Started GET "/" for ::1 at 2015-04-14 15:27:14 -0400
Processing by WelcomeController#index as HTML
  Rendered welcome/index.html.erb within layouts/application (0.1ms)
Completed 200 OK in 92ms (Views: 90.9ms | ActiveRecord: 0.0ms)


Started GET "/base.css" for ::1 at 2015-04-14 15:27:14 -0400

ActionController::RoutingError (No route matches [GET] "/base.css"):
  web-console (2.0.0) lib/action_dispatch/debug_exceptions.rb:22:in `middleware_call'
  web-console (2.0.0) lib/action_dispatch/debug_exceptions.rb:13:in `call'
  actionpack (4.2.0) lib/action_dispatch/middleware/show_exceptions.rb:30:in `call'
  railties (4.2.0) lib/rails/rack/logger.rb:38:in `call_app'
  railties (4.2.0) lib/rails/rack/logger.rb:20:in `block in call'
  activesupport (4.2.0) lib/active_support/tagged_logging.rb:68:in `block in tagged'
  activesupport (4.2.0) lib/active_support/tagged_logging.rb:26:in `tagged'
  activesupport (4.2.0) lib/active_support/tagged_logging.rb:68:in `tagged'
  railties (4.2.0) lib/rails/rack/logger.rb:20:in `call'
  actionpack (4.2.0) lib/action_dispatch/middleware/request_id.rb:21:in `call'
  rack (1.6.0) lib/rack/methodoverride.rb:22:in `call'
  rack (1.6.0) lib/rack/runtime.rb:18:in `call'
  activesupport (4.2.0) lib/active_support/cache/strategy/local_cache_middleware.rb:28:in `call'
  rack (1.6.0) lib/rack/lock.rb:17:in `call'
  actionpack (4.2.0) lib/action_dispatch/middleware/static.rb:113:in `call'
  rack (1.6.0) lib/rack/sendfile.rb:113:in `call'
  railties (4.2.0) lib/rails/engine.rb:518:in `call'
  railties (4.2.0) lib/rails/application.rb:164:in `call'
  rack (1.6.0) lib/rack/lock.rb:17:in `call'
  rack (1.6.0) lib/rack/content_length.rb:15:in `call'
  rack (1.6.0) lib/rack/handler/webrick.rb:89:in `service'
  /Users/daviddeneroff/.rbenv/versions/2.0.0-p481/lib/ruby/2.0.0/webrick/httpserver.rb:138:in `service'
  /Users/daviddeneroff/.rbenv/versions/2.0.0-p481/lib/ruby/2.0.0/webrick/httpserver.rb:94:in `run'
  /Users/daviddeneroff/.rbenv/versions/2.0.0-p481/lib/ruby/2.0.0/webrick/server.rb:295:in `block in start_thread'


  Rendered /Users/daviddeneroff/.rbenv/versions/2.0.0-p481/lib/ruby/gems/2.0.0/gems/web-console-2.0.0/lib/action_dispatch/templates/rescues/_trace.html.erb (1.0ms)
  Rendered /Users/daviddeneroff/.rbenv/versions/2.0.0-p481/lib/ruby/gems/2.0.0/gems/web-console-2.0.0/lib/action_dispatch/templates/routes/_route.html.erb (1.6ms)
  Rendered /Users/daviddeneroff/.rbenv/versions/2.0.0-p481/lib/ruby/gems/2.0.0/gems/web-console-2.0.0/lib/action_dispatch/templates/routes/_table.html.erb (1.1ms)
  Rendered /Users/daviddeneroff/.rbenv/versions/2.0.0-p481/lib/ruby/gems/2.0.0/gems/web-console-2.0.0/lib/action_dispatch/templates/rescues/_request_and_response.html.erb (1.0ms)
  Rendered /Users/daviddeneroff/.rbenv/versions/2.0.0-p481/lib/ruby/gems/2.0.0/gems/web-console-2.0.0/lib/action_dispatch/templates/rescues/_web_console.html.erb (0.6ms)
  Rendered /Users/daviddeneroff/.rbenv/versions/2.0.0-p481/lib/ruby/gems/2.0.0/gems/web-console-2.0.0/lib/action_dispatch/templates/rescues/routing_error.html.erb within rescues/layout (28.2ms)


Started GET "/font.css" for ::1 at 2015-04-14 15:27:14 -0400

ActionController::RoutingError (No route matches [GET] "/font.css"):
  web-console (2.0.0) lib/action_dispatch/debug_exceptions.rb:22:in `middleware_call'
  web-console (2.0.0) lib/action_dispatch/debug_exceptions.rb:13:in `call'
  actionpack (4.2.0) lib/action_dispatch/middleware/show_exceptions.rb:30:in `call'
  railties (4.2.0) lib/rails/rack/logger.rb:38:in `call_app'
  railties (4.2.0) lib/rails/rack/logger.rb:20:in `block in call'
  activesupport (4.2.0) lib/active_support/tagged_logging.rb:68:in `block in tagged'
  activesupport (4.2.0) lib/active_support/tagged_logging.rb:26:in `tagged'
  activesupport (4.2.0) lib/active_support/tagged_logging.rb:68:in `tagged'
  railties (4.2.0) lib/rails/rack/logger.rb:20:in `call'
  actionpack (4.2.0) lib/action_dispatch/middleware/request_id.rb:21:in `call'
  rack (1.6.0) lib/rack/methodoverride.rb:22:in `call'
  rack (1.6.0) lib/rack/runtime.rb:18:in `call'
  activesupport (4.2.0) lib/active_support/cache/strategy/local_cache_middleware.rb:28:in `call'
  rack (1.6.0) lib/rack/lock.rb:17:in `call'
  actionpack (4.2.0) lib/action_dispatch/middleware/static.rb:113:in `call'
  rack (1.6.0) lib/rack/sendfile.rb:113:in `call'
  railties (4.2.0) lib/rails/engine.rb:518:in `call'
  railties (4.2.0) lib/rails/application.rb:164:in `call'
  rack (1.6.0) lib/rack/lock.rb:17:in `call'
  rack (1.6.0) lib/rack/content_length.rb:15:in `call'
  rack (1.6.0) lib/rack/handler/webrick.rb:89:in `service'
  /Users/daviddeneroff/.rbenv/versions/2.0.0-p481/lib/ruby/2.0.0/webrick/httpserver.rb:138:in `service'
  /Users/daviddeneroff/.rbenv/versions/2.0.0-p481/lib/ruby/2.0.0/webrick/httpserver.rb:94:in `run'
  /Users/daviddeneroff/.rbenv/versions/2.0.0-p481/lib/ruby/2.0.0/webrick/server.rb:295:in `block in start_thread'


  Rendered /Users/daviddeneroff/.rbenv/versions/2.0.0-p481/lib/ruby/gems/2.0.0/gems/web-console-2.0.0/lib/action_dispatch/templates/rescues/_trace.html.erb (1.1ms)
  Rendered /Users/daviddeneroff/.rbenv/versions/2.0.0-p481/lib/ruby/gems/2.0.0/gems/web-console-2.0.0/lib/action_dispatch/templates/routes/_route.html.erb (2.0ms)
  Rendered /Users/daviddeneroff/.rbenv/versions/2.0.0-p481/lib/ruby/gems/2.0.0/gems/web-console-2.0.0/lib/action_dispatch/templates/routes/_table.html.erb (1.0ms)
  Rendered /Users/daviddeneroff/.rbenv/versions/2.0.0-p481/lib/ruby/gems/2.0.0/gems/web-console-2.0.0/lib/action_dispatch/templates/rescues/_request_and_response.html.erb (1.1ms)
  Rendered /Users/daviddeneroff/.rbenv/versions/2.0.0-p481/lib/ruby/gems/2.0.0/gems/web-console-2.0.0/lib/action_dispatch/templates/rescues/_web_console.html.erb (0.7ms)
  Rendered /Users/daviddeneroff/.rbenv/versions/2.0.0-p481/lib/ruby/gems/2.0.0/gems/web-console-2.0.0/lib/action_dispatch/templates/rescues/routing_error.html.erb within rescues/layout (29.8ms)


Started GET "/assets/base-9ace492b1eba3665542a7fa8e1f4a9fa.css?body=1" for ::1 at 2015-04-14 15:27:14 -0400


Started GET "/assets/font-e62667dfc9f96164adc106093f77951d.css?body=1" for ::1 at 2015-04-14 15:27:14 -0400


Started GET "/assets/application-341c6febfb81c499baf602f60f70f0ab.css?body=1" for ::1 at 2015-04-14 15:27:14 -0400


Started GET "/assets/jquery-87424c3c19e96d4fb033c10ebe21ec40.js?body=1" for ::1 at 2015-04-14 15:27:14 -0400


Started GET "/assets/jquery_ujs-e27bd20a10d28155845a22d71ef94f2f.js?body=1" for ::1 at 2015-04-14 15:27:14 -0400


Started GET "/assets/answer-ff84f1ae2132f6ae0178b1e766bf7f24.js?body=1" for ::1 at 2015-04-14 15:27:14 -0400


Started GET "/assets/comment-4a3260b3bc3c301cd1b059ca5e2ec1f2.js?body=1" for ::1 at 2015-04-14 15:27:14 -0400


Started GET "/assets/app-276fcb59e629114cc5b6392773a956e2.js?body=1" for ::1 at 2015-04-14 15:27:14 -0400


Started GET "/assets/login-e48bffc4427e5aee6b0443ee5cfa4253.js?body=1" for ::1 at 2015-04-14 15:27:14 -0400


Started GET "/assets/question-9cc39715095d4e05fa3647ea00d586a5.js?body=1" for ::1 at 2015-04-14 15:27:14 -0400


Started GET "/assets/application-a7606ca2d39bd8cba842dfad33263387.js?body=1" for ::1 at 2015-04-14 15:27:14 -0400


Started GET "/" for ::1 at 2015-04-14 15:27:15 -0400
Processing by WelcomeController#index as HTML
  Rendered welcome/index.html.erb within layouts/application (0.0ms)
Completed 200 OK in 92ms (Views: 91.6ms | ActiveRecord: 0.0ms)


Started GET "/assets/base-9ace492b1eba3665542a7fa8e1f4a9fa.css?body=1" for ::1 at 2015-04-14 15:27:15 -0400


Started GET "/base.css" for ::1 at 2015-04-14 15:27:15 -0400

ActionController::RoutingError (No route matches [GET] "/base.css"):
  web-console (2.0.0) lib/action_dispatch/debug_exceptions.rb:22:in `middleware_call'
  web-console (2.0.0) lib/action_dispatch/debug_exceptions.rb:13:in `call'
  actionpack (4.2.0) lib/action_dispatch/middleware/show_exceptions.rb:30:in `call'
  railties (4.2.0) lib/rails/rack/logger.rb:38:in `call_app'
  railties (4.2.0) lib/rails/rack/logger.rb:20:in `block in call'
  activesupport (4.2.0) lib/active_support/tagged_logging.rb:68:in `block in tagged'
  activesupport (4.2.0) lib/active_support/tagged_logging.rb:26:in `tagged'
  activesupport (4.2.0) lib/active_support/tagged_logging.rb:68:in `tagged'
  railties (4.2.0) lib/rails/rack/logger.rb:20:in `call'
  actionpack (4.2.0) lib/action_dispatch/middleware/request_id.rb:21:in `call'
  rack (1.6.0) lib/rack/methodoverride.rb:22:in `call'
  rack (1.6.0) lib/rack/runtime.rb:18:in `call'
  activesupport (4.2.0) lib/active_support/cache/strategy/local_cache_middleware.rb:28:in `call'
  rack (1.6.0) lib/rack/lock.rb:17:in `call'
  actionpack (4.2.0) lib/action_dispatch/middleware/static.rb:113:in `call'
  rack (1.6.0) lib/rack/sendfile.rb:113:in `call'
  railties (4.2.0) lib/rails/engine.rb:518:in `call'
  railties (4.2.0) lib/rails/application.rb:164:in `call'
  rack (1.6.0) lib/rack/lock.rb:17:in `call'
  rack (1.6.0) lib/rack/content_length.rb:15:in `call'
  rack (1.6.0) lib/rack/handler/webrick.rb:89:in `service'
  /Users/daviddeneroff/.rbenv/versions/2.0.0-p481/lib/ruby/2.0.0/webrick/httpserver.rb:138:in `service'
  /Users/daviddeneroff/.rbenv/versions/2.0.0-p481/lib/ruby/2.0.0/webrick/httpserver.rb:94:in `run'
  /Users/daviddeneroff/.rbenv/versions/2.0.0-p481/lib/ruby/2.0.0/webrick/server.rb:295:in `block in start_thread'


  Rendered /Users/daviddeneroff/.rbenv/versions/2.0.0-p481/lib/ruby/gems/2.0.0/gems/web-console-2.0.0/lib/action_dispatch/templates/rescues/_trace.html.erb (1.3ms)
  Rendered /Users/daviddeneroff/.rbenv/versions/2.0.0-p481/lib/ruby/gems/2.0.0/gems/web-console-2.0.0/lib/action_dispatch/templates/routes/_route.html.erb (1.6ms)
  Rendered /Users/daviddeneroff/.rbenv/versions/2.0.0-p481/lib/ruby/gems/2.0.0/gems/web-console-2.0.0/lib/action_dispatch/templates/routes/_table.html.erb (1.0ms)
  Rendered /Users/daviddeneroff/.rbenv/versions/2.0.0-p481/lib/ruby/gems/2.0.0/gems/web-console-2.0.0/lib/action_dispatch/templates/rescues/_request_and_response.html.erb (1.0ms)
  Rendered /Users/daviddeneroff/.rbenv/versions/2.0.0-p481/lib/ruby/gems/2.0.0/gems/web-console-2.0.0/lib/action_dispatch/templates/rescues/_web_console.html.erb (0.7ms)
  Rendered /Users/daviddeneroff/.rbenv/versions/2.0.0-p481/lib/ruby/gems/2.0.0/gems/web-console-2.0.0/lib/action_dispatch/templates/rescues/routing_error.html.erb within rescues/layout (29.5ms)


Started GET "/assets/jquery-87424c3c19e96d4fb033c10ebe21ec40.js?body=1" for ::1 at 2015-04-14 15:27:15 -0400


Started GET "/assets/application-341c6febfb81c499baf602f60f70f0ab.css?body=1" for ::1 at 2015-04-14 15:27:15 -0400


Started GET "/assets/font-e62667dfc9f96164adc106093f77951d.css?body=1" for ::1 at 2015-04-14 15:27:15 -0400


Started GET "/assets/jquery_ujs-e27bd20a10d28155845a22d71ef94f2f.js?body=1" for ::1 at 2015-04-14 15:27:15 -0400


Started GET "/font.css" for ::1 at 2015-04-14 15:27:15 -0400

ActionController::RoutingError (No route matches [GET] "/font.css"):
  web-console (2.0.0) lib/action_dispatch/debug_exceptions.rb:22:in `middleware_call'
  web-console (2.0.0) lib/action_dispatch/debug_exceptions.rb:13:in `call'
  actionpack (4.2.0) lib/action_dispatch/middleware/show_exceptions.rb:30:in `call'
  railties (4.2.0) lib/rails/rack/logger.rb:38:in `call_app'
  railties (4.2.0) lib/rails/rack/logger.rb:20:in `block in call'
  activesupport (4.2.0) lib/active_support/tagged_logging.rb:68:in `block in tagged'
  activesupport (4.2.0) lib/active_support/tagged_logging.rb:26:in `tagged'
  activesupport (4.2.0) lib/active_support/tagged_logging.rb:68:in `tagged'
  railties (4.2.0) lib/rails/rack/logger.rb:20:in `call'
  actionpack (4.2.0) lib/action_dispatch/middleware/request_id.rb:21:in `call'
  rack (1.6.0) lib/rack/methodoverride.rb:22:in `call'
  rack (1.6.0) lib/rack/runtime.rb:18:in `call'
  activesupport (4.2.0) lib/active_support/cache/strategy/local_cache_middleware.rb:28:in `call'
  rack (1.6.0) lib/rack/lock.rb:17:in `call'
  actionpack (4.2.0) lib/action_dispatch/middleware/static.rb:113:in `call'
  rack (1.6.0) lib/rack/sendfile.rb:113:in `call'
  railties (4.2.0) lib/rails/engine.rb:518:in `call'
  railties (4.2.0) lib/rails/application.rb:164:in `call'
  rack (1.6.0) lib/rack/lock.rb:17:in `call'
  rack (1.6.0) lib/rack/content_length.rb:15:in `call'
  rack (1.6.0) lib/rack/handler/webrick.rb:89:in `service'
  /Users/daviddeneroff/.rbenv/versions/2.0.0-p481/lib/ruby/2.0.0/webrick/httpserver.rb:138:in `service'
  /Users/daviddeneroff/.rbenv/versions/2.0.0-p481/lib/ruby/2.0.0/webrick/httpserver.rb:94:in `run'
  /Users/daviddeneroff/.rbenv/versions/2.0.0-p481/lib/ruby/2.0.0/webrick/server.rb:295:in `block in start_thread'


  Rendered /Users/daviddeneroff/.rbenv/versions/2.0.0-p481/lib/ruby/gems/2.0.0/gems/web-console-2.0.0/lib/action_dispatch/templates/rescues/_trace.html.erb (1.2ms)
  Rendered /Users/daviddeneroff/.rbenv/versions/2.0.0-p481/lib/ruby/gems/2.0.0/gems/web-console-2.0.0/lib/action_dispatch/templates/routes/_route.html.erb (1.6ms)
  Rendered /Users/daviddeneroff/.rbenv/versions/2.0.0-p481/lib/ruby/gems/2.0.0/gems/web-console-2.0.0/lib/action_dispatch/templates/routes/_table.html.erb (1.1ms)
  Rendered /Users/daviddeneroff/.rbenv/versions/2.0.0-p481/lib/ruby/gems/2.0.0/gems/web-console-2.0.0/lib/action_dispatch/templates/rescues/_request_and_response.html.erb (1.1ms)
  Rendered /Users/daviddeneroff/.rbenv/versions/2.0.0-p481/lib/ruby/gems/2.0.0/gems/web-console-2.0.0/lib/action_dispatch/templates/rescues/_web_console.html.erb (0.7ms)
  Rendered /Users/daviddeneroff/.rbenv/versions/2.0.0-p481/lib/ruby/gems/2.0.0/gems/web-console-2.0.0/lib/action_dispatch/templates/rescues/routing_error.html.erb within rescues/layout (30.8ms)


Started GET "/assets/answer-ff84f1ae2132f6ae0178b1e766bf7f24.js?body=1" for ::1 at 2015-04-14 15:27:16 -0400


Started GET "/assets/app-276fcb59e629114cc5b6392773a956e2.js?body=1" for ::1 at 2015-04-14 15:27:16 -0400


Started GET "/assets/comment-4a3260b3bc3c301cd1b059ca5e2ec1f2.js?body=1" for ::1 at 2015-04-14 15:27:16 -0400


Started GET "/assets/login-e48bffc4427e5aee6b0443ee5cfa4253.js?body=1" for ::1 at 2015-04-14 15:27:16 -0400


Started GET "/assets/question-9cc39715095d4e05fa3647ea00d586a5.js?body=1" for ::1 at 2015-04-14 15:27:16 -0400


Started GET "/assets/application-a7606ca2d39bd8cba842dfad33263387.js?body=1" for ::1 at 2015-04-14 15:27:16 -0400


Started GET "/" for ::1 at 2015-04-14 15:36:21 -0400
  [1m[36mActiveRecord::SchemaMigration Load (0.4ms)[0m  [1mSELECT "schema_migrations".* FROM "schema_migrations"[0m
Processing by WelcomeController#index as HTML
  Rendered welcome/index.html.erb within layouts/application (1.5ms)
Completed 200 OK in 139ms (Views: 130.6ms | ActiveRecord: 0.0ms)


Started GET "/assets/base-9ace492b1eba3665542a7fa8e1f4a9fa.css?body=1" for ::1 at 2015-04-14 15:36:22 -0400


Started GET "/assets/font-e62667dfc9f96164adc106093f77951d.css?body=1" for ::1 at 2015-04-14 15:36:22 -0400


Started GET "/assets/application-341c6febfb81c499baf602f60f70f0ab.css?body=1" for ::1 at 2015-04-14 15:36:22 -0400


Started GET "/assets/jquery-87424c3c19e96d4fb033c10ebe21ec40.js?body=1" for ::1 at 2015-04-14 15:36:22 -0400


Started GET "/assets/jquery_ujs-e27bd20a10d28155845a22d71ef94f2f.js?body=1" for ::1 at 2015-04-14 15:36:22 -0400


Started GET "/assets/answer-ff84f1ae2132f6ae0178b1e766bf7f24.js?body=1" for ::1 at 2015-04-14 15:36:22 -0400


Started GET "/assets/app-276fcb59e629114cc5b6392773a956e2.js?body=1" for ::1 at 2015-04-14 15:36:22 -0400


Started GET "/assets/comment-4a3260b3bc3c301cd1b059ca5e2ec1f2.js?body=1" for ::1 at 2015-04-14 15:36:22 -0400


Started GET "/assets/login-e48bffc4427e5aee6b0443ee5cfa4253.js?body=1" for ::1 at 2015-04-14 15:36:22 -0400


Started GET "/assets/question-9cc39715095d4e05fa3647ea00d586a5.js?body=1" for ::1 at 2015-04-14 15:36:22 -0400


Started GET "/assets/application-a7606ca2d39bd8cba842dfad33263387.js?body=1" for ::1 at 2015-04-14 15:36:22 -0400


Started GET "/" for ::1 at 2015-04-14 15:36:25 -0400
Processing by WelcomeController#index as HTML
  Rendered welcome/index.html.erb within layouts/application (0.1ms)
Completed 200 OK in 91ms (Views: 89.9ms | ActiveRecord: 0.0ms)


Started GET "/assets/base-9ace492b1eba3665542a7fa8e1f4a9fa.css?body=1" for ::1 at 2015-04-14 15:36:25 -0400


Started GET "/assets/font-e62667dfc9f96164adc106093f77951d.css?body=1" for ::1 at 2015-04-14 15:36:25 -0400


Started GET "/assets/application-341c6febfb81c499baf602f60f70f0ab.css?body=1" for ::1 at 2015-04-14 15:36:25 -0400


Started GET "/assets/answer-ff84f1ae2132f6ae0178b1e766bf7f24.js?body=1" for ::1 at 2015-04-14 15:36:25 -0400


Started GET "/assets/jquery-87424c3c19e96d4fb033c10ebe21ec40.js?body=1" for ::1 at 2015-04-14 15:36:25 -0400


Started GET "/assets/jquery_ujs-e27bd20a10d28155845a22d71ef94f2f.js?body=1" for ::1 at 2015-04-14 15:36:25 -0400


Started GET "/assets/app-276fcb59e629114cc5b6392773a956e2.js?body=1" for ::1 at 2015-04-14 15:36:25 -0400


Started GET "/assets/comment-4a3260b3bc3c301cd1b059ca5e2ec1f2.js?body=1" for ::1 at 2015-04-14 15:36:25 -0400


Started GET "/assets/login-e48bffc4427e5aee6b0443ee5cfa4253.js?body=1" for ::1 at 2015-04-14 15:36:25 -0400


Started GET "/assets/question-9cc39715095d4e05fa3647ea00d586a5.js?body=1" for ::1 at 2015-04-14 15:36:25 -0400


Started GET "/assets/application-a7606ca2d39bd8cba842dfad33263387.js?body=1" for ::1 at 2015-04-14 15:36:25 -0400


Started GET "/" for ::1 at 2015-04-14 15:36:26 -0400
Processing by WelcomeController#index as HTML
  Rendered welcome/index.html.erb within layouts/application (0.0ms)
Completed 200 OK in 98ms (Views: 97.9ms | ActiveRecord: 0.0ms)


Started GET "/assets/base-9ace492b1eba3665542a7fa8e1f4a9fa.css?body=1" for ::1 at 2015-04-14 15:36:26 -0400


Started GET "/assets/jquery-87424c3c19e96d4fb033c10ebe21ec40.js?body=1" for ::1 at 2015-04-14 15:36:26 -0400


Started GET "/assets/app-276fcb59e629114cc5b6392773a956e2.js?body=1" for ::1 at 2015-04-14 15:36:26 -0400


Started GET "/assets/font-e62667dfc9f96164adc106093f77951d.css?body=1" for ::1 at 2015-04-14 15:36:26 -0400


Started GET "/assets/answer-ff84f1ae2132f6ae0178b1e766bf7f24.js?body=1" for ::1 at 2015-04-14 15:36:26 -0400


Started GET "/assets/jquery_ujs-e27bd20a10d28155845a22d71ef94f2f.js?body=1" for ::1 at 2015-04-14 15:36:26 -0400


Started GET "/assets/application-341c6febfb81c499baf602f60f70f0ab.css?body=1" for ::1 at 2015-04-14 15:36:26 -0400


Started GET "/assets/comment-4a3260b3bc3c301cd1b059ca5e2ec1f2.js?body=1" for ::1 at 2015-04-14 15:36:27 -0400


Started GET "/assets/login-e48bffc4427e5aee6b0443ee5cfa4253.js?body=1" for ::1 at 2015-04-14 15:36:27 -0400


Started GET "/assets/question-9cc39715095d4e05fa3647ea00d586a5.js?body=1" for ::1 at 2015-04-14 15:36:27 -0400


Started GET "/assets/application-a7606ca2d39bd8cba842dfad33263387.js?body=1" for ::1 at 2015-04-14 15:36:27 -0400
  [1m[36mActiveRecord::SchemaMigration Load (0.4ms)[0m  [1mSELECT "schema_migrations".* FROM "schema_migrations"[0m
  [1m[35mActiveRecord::SchemaMigration Load (0.2ms)[0m  SELECT "schema_migrations".* FROM "schema_migrations"
  [1m[36m (3.8ms)[0m  [1mSELECT t2.oid::regclass::text AS to_table, a1.attname AS column, a2.attname AS primary_key, c.conname AS name, c.confupdtype AS on_update, c.confdeltype AS on_delete
FROM pg_constraint c
JOIN pg_class t1 ON c.conrelid = t1.oid
JOIN pg_class t2 ON c.confrelid = t2.oid
JOIN pg_attribute a1 ON a1.attnum = c.conkey[1] AND a1.attrelid = t1.oid
JOIN pg_attribute a2 ON a2.attnum = c.confkey[1] AND a2.attrelid = t2.oid
JOIN pg_namespace t3 ON c.connamespace = t3.oid
WHERE c.contype = 'f'
  AND t1.relname = 'answers'
  AND t3.nspname = ANY (current_schemas(false))
ORDER BY c.conname
[0m
  [1m[35m (3.5ms)[0m  SELECT t2.oid::regclass::text AS to_table, a1.attname AS column, a2.attname AS primary_key, c.conname AS name, c.confupdtype AS on_update, c.confdeltype AS on_delete
FROM pg_constraint c
JOIN pg_class t1 ON c.conrelid = t1.oid
JOIN pg_class t2 ON c.confrelid = t2.oid
JOIN pg_attribute a1 ON a1.attnum = c.conkey[1] AND a1.attrelid = t1.oid
JOIN pg_attribute a2 ON a2.attnum = c.confkey[1] AND a2.attrelid = t2.oid
JOIN pg_namespace t3 ON c.connamespace = t3.oid
WHERE c.contype = 'f'
  AND t1.relname = 'comments'
  AND t3.nspname = ANY (current_schemas(false))
ORDER BY c.conname

  [1m[36m (3.3ms)[0m  [1mSELECT t2.oid::regclass::text AS to_table, a1.attname AS column, a2.attname AS primary_key, c.conname AS name, c.confupdtype AS on_update, c.confdeltype AS on_delete
FROM pg_constraint c
JOIN pg_class t1 ON c.conrelid = t1.oid
JOIN pg_class t2 ON c.confrelid = t2.oid
JOIN pg_attribute a1 ON a1.attnum = c.conkey[1] AND a1.attrelid = t1.oid
JOIN pg_attribute a2 ON a2.attnum = c.confkey[1] AND a2.attrelid = t2.oid
JOIN pg_namespace t3 ON c.connamespace = t3.oid
WHERE c.contype = 'f'
  AND t1.relname = 'questions'
  AND t3.nspname = ANY (current_schemas(false))
ORDER BY c.conname
[0m
  [1m[35m (3.1ms)[0m  SELECT t2.oid::regclass::text AS to_table, a1.attname AS column, a2.attname AS primary_key, c.conname AS name, c.confupdtype AS on_update, c.confdeltype AS on_delete
FROM pg_constraint c
JOIN pg_class t1 ON c.conrelid = t1.oid
JOIN pg_class t2 ON c.confrelid = t2.oid
JOIN pg_attribute a1 ON a1.attnum = c.conkey[1] AND a1.attrelid = t1.oid
JOIN pg_attribute a2 ON a2.attnum = c.confkey[1] AND a2.attrelid = t2.oid
JOIN pg_namespace t3 ON c.connamespace = t3.oid
WHERE c.contype = 'f'
  AND t1.relname = 'users'
  AND t3.nspname = ANY (current_schemas(false))
ORDER BY c.conname

  [1m[36m (3.3ms)[0m  [1mSELECT t2.oid::regclass::text AS to_table, a1.attname AS column, a2.attname AS primary_key, c.conname AS name, c.confupdtype AS on_update, c.confdeltype AS on_delete
FROM pg_constraint c
JOIN pg_class t1 ON c.conrelid = t1.oid
JOIN pg_class t2 ON c.confrelid = t2.oid
JOIN pg_attribute a1 ON a1.attnum = c.conkey[1] AND a1.attrelid = t1.oid
JOIN pg_attribute a2 ON a2.attnum = c.confkey[1] AND a2.attrelid = t2.oid
JOIN pg_namespace t3 ON c.connamespace = t3.oid
WHERE c.contype = 'f'
  AND t1.relname = 'votes'
  AND t3.nspname = ANY (current_schemas(false))
ORDER BY c.conname
[0m
  [1m[36mActiveRecord::SchemaMigration Load (0.4ms)[0m  [1mSELECT "schema_migrations".* FROM "schema_migrations"[0m
  [1m[35m (0.1ms)[0m  BEGIN
  [1m[36mUser Exists (1.1ms)[0m  [1mSELECT  1 AS one FROM "users" WHERE "users"."username" = 'Anna' LIMIT 1[0m
  [1m[35mUser Exists (0.4ms)[0m  SELECT  1 AS one FROM "users" WHERE "users"."email" = 'aftaberski@gmail.com' LIMIT 1
  [1m[36m (0.1ms)[0m  [1mROLLBACK[0m
  [1m[36m (3.7ms)[0m  [1mCREATE TABLE "schema_migrations" ("version" character varying NOT NULL) [0m
  [1m[35m (1.3ms)[0m  CREATE UNIQUE INDEX  "unique_schema_migrations" ON "schema_migrations"  ("version")
  [1m[36mActiveRecord::SchemaMigration Load (0.3ms)[0m  [1mSELECT "schema_migrations".* FROM "schema_migrations"[0m
Migrating to CreateUsers (20150226231808)
  [1m[35m (0.1ms)[0m  BEGIN
  [1m[36m (4.8ms)[0m  [1mCREATE TABLE "users" ("id" serial primary key, "username" character varying NOT NULL, "email" character varying NOT NULL, "password_digest" character varying, "created_at" timestamp NOT NULL, "updated_at" timestamp NOT NULL) [0m
  [1m[35mSQL (0.3ms)[0m  INSERT INTO "schema_migrations" ("version") VALUES ($1)  [["version", "20150226231808"]]
  [1m[36m (0.7ms)[0m  [1mCOMMIT[0m
Migrating to CreateQuestions (20150226231833)
  [1m[35m (0.3ms)[0m  BEGIN
  [1m[36m (3.8ms)[0m  [1mCREATE TABLE "questions" ("id" serial primary key, "user_id" integer NOT NULL, "url" character varying NOT NULL, "title" character varying NOT NULL, "created_at" timestamp NOT NULL, "updated_at" timestamp NOT NULL) [0m
  [1m[35mSQL (0.2ms)[0m  INSERT INTO "schema_migrations" ("version") VALUES ($1)  [["version", "20150226231833"]]
  [1m[36m (0.5ms)[0m  [1mCOMMIT[0m
Migrating to CreateAnswers (20150226231936)
  [1m[35m (0.2ms)[0m  BEGIN
  [1m[36m (4.0ms)[0m  [1mCREATE TABLE "answers" ("id" serial primary key, "question_id" integer NOT NULL, "user_id" integer NOT NULL, "content" text NOT NULL, "accepted" boolean DEFAULT 'f', "created_at" timestamp NOT NULL, "updated_at" timestamp NOT NULL) [0m
  [1m[35mSQL (0.1ms)[0m  INSERT INTO "schema_migrations" ("version") VALUES ($1)  [["version", "20150226231936"]]
  [1m[36m (0.4ms)[0m  [1mCOMMIT[0m
Migrating to CreateComments (20150226232024)
  [1m[35m (0.5ms)[0m  BEGIN
  [1m[36m (7.0ms)[0m  [1mCREATE TABLE "comments" ("id" serial primary key, "commentable_id" integer, "commentable_type" character varying, "user_id" integer, "content" text, "created_at" timestamp NOT NULL, "updated_at" timestamp NOT NULL) [0m
  [1m[35m (1.0ms)[0m  CREATE  INDEX  "index_comments_on_commentable_type_and_commentable_id" ON "comments"  ("commentable_type", "commentable_id")
  [1m[36mSQL (0.1ms)[0m  [1mINSERT INTO "schema_migrations" ("version") VALUES ($1)[0m  [["version", "20150226232024"]]
  [1m[35m (0.4ms)[0m  COMMIT
Migrating to CreateVotes (20150226232051)
  [1m[36m (0.2ms)[0m  [1mBEGIN[0m
  [1m[35m (4.2ms)[0m  CREATE TABLE "votes" ("id" serial primary key, "votable_id" integer, "votable_type" character varying, "user_id" integer NOT NULL, "value" integer NOT NULL, "created_at" timestamp NOT NULL, "updated_at" timestamp NOT NULL) 
  [1m[36m (2.2ms)[0m  [1mCREATE  INDEX  "index_votes_on_votable_type_and_votable_id" ON "votes"  ("votable_type", "votable_id")[0m
  [1m[35mSQL (0.2ms)[0m  INSERT INTO "schema_migrations" ("version") VALUES ($1)  [["version", "20150226232051"]]
  [1m[36m (0.5ms)[0m  [1mCOMMIT[0m
  [1m[35mActiveRecord::SchemaMigration Load (0.2ms)[0m  SELECT "schema_migrations".* FROM "schema_migrations"
  [1m[36m (4.8ms)[0m  [1mSELECT t2.oid::regclass::text AS to_table, a1.attname AS column, a2.attname AS primary_key, c.conname AS name, c.confupdtype AS on_update, c.confdeltype AS on_delete
FROM pg_constraint c
JOIN pg_class t1 ON c.conrelid = t1.oid
JOIN pg_class t2 ON c.confrelid = t2.oid
JOIN pg_attribute a1 ON a1.attnum = c.conkey[1] AND a1.attrelid = t1.oid
JOIN pg_attribute a2 ON a2.attnum = c.confkey[1] AND a2.attrelid = t2.oid
JOIN pg_namespace t3 ON c.connamespace = t3.oid
WHERE c.contype = 'f'
  AND t1.relname = 'answers'
  AND t3.nspname = ANY (current_schemas(false))
ORDER BY c.conname
[0m
  [1m[35m (3.5ms)[0m  SELECT t2.oid::regclass::text AS to_table, a1.attname AS column, a2.attname AS primary_key, c.conname AS name, c.confupdtype AS on_update, c.confdeltype AS on_delete
FROM pg_constraint c
JOIN pg_class t1 ON c.conrelid = t1.oid
JOIN pg_class t2 ON c.confrelid = t2.oid
JOIN pg_attribute a1 ON a1.attnum = c.conkey[1] AND a1.attrelid = t1.oid
JOIN pg_attribute a2 ON a2.attnum = c.confkey[1] AND a2.attrelid = t2.oid
JOIN pg_namespace t3 ON c.connamespace = t3.oid
WHERE c.contype = 'f'
  AND t1.relname = 'comments'
  AND t3.nspname = ANY (current_schemas(false))
ORDER BY c.conname

  [1m[36m (3.2ms)[0m  [1mSELECT t2.oid::regclass::text AS to_table, a1.attname AS column, a2.attname AS primary_key, c.conname AS name, c.confupdtype AS on_update, c.confdeltype AS on_delete
FROM pg_constraint c
JOIN pg_class t1 ON c.conrelid = t1.oid
JOIN pg_class t2 ON c.confrelid = t2.oid
JOIN pg_attribute a1 ON a1.attnum = c.conkey[1] AND a1.attrelid = t1.oid
JOIN pg_attribute a2 ON a2.attnum = c.confkey[1] AND a2.attrelid = t2.oid
JOIN pg_namespace t3 ON c.connamespace = t3.oid
WHERE c.contype = 'f'
  AND t1.relname = 'questions'
  AND t3.nspname = ANY (current_schemas(false))
ORDER BY c.conname
[0m
  [1m[35m (4.0ms)[0m  SELECT t2.oid::regclass::text AS to_table, a1.attname AS column, a2.attname AS primary_key, c.conname AS name, c.confupdtype AS on_update, c.confdeltype AS on_delete
FROM pg_constraint c
JOIN pg_class t1 ON c.conrelid = t1.oid
JOIN pg_class t2 ON c.confrelid = t2.oid
JOIN pg_attribute a1 ON a1.attnum = c.conkey[1] AND a1.attrelid = t1.oid
JOIN pg_attribute a2 ON a2.attnum = c.confkey[1] AND a2.attrelid = t2.oid
JOIN pg_namespace t3 ON c.connamespace = t3.oid
WHERE c.contype = 'f'
  AND t1.relname = 'users'
  AND t3.nspname = ANY (current_schemas(false))
ORDER BY c.conname

  [1m[36m (4.6ms)[0m  [1mSELECT t2.oid::regclass::text AS to_table, a1.attname AS column, a2.attname AS primary_key, c.conname AS name, c.confupdtype AS on_update, c.confdeltype AS on_delete
FROM pg_constraint c
JOIN pg_class t1 ON c.conrelid = t1.oid
JOIN pg_class t2 ON c.confrelid = t2.oid
JOIN pg_attribute a1 ON a1.attnum = c.conkey[1] AND a1.attrelid = t1.oid
JOIN pg_attribute a2 ON a2.attnum = c.confkey[1] AND a2.attrelid = t2.oid
JOIN pg_namespace t3 ON c.connamespace = t3.oid
WHERE c.contype = 'f'
  AND t1.relname = 'votes'
  AND t3.nspname = ANY (current_schemas(false))
ORDER BY c.conname
[0m
  [1m[36mActiveRecord::SchemaMigration Load (0.4ms)[0m  [1mSELECT "schema_migrations".* FROM "schema_migrations"[0m
  [1m[35m (0.1ms)[0m  BEGIN
  [1m[36mUser Exists (0.9ms)[0m  [1mSELECT  1 AS one FROM "users" WHERE "users"."username" = 'Anna' LIMIT 1[0m
  [1m[35mUser Exists (0.2ms)[0m  SELECT  1 AS one FROM "users" WHERE "users"."email" = 'aftaberski@gmail.com' LIMIT 1
  [1m[36mSQL (0.4ms)[0m  [1mINSERT INTO "users" ("username", "email", "password_digest", "created_at", "updated_at") VALUES ($1, $2, $3, $4, $5) RETURNING "id"[0m  [["username", "Anna"], ["email", "aftaberski@gmail.com"], ["password_digest", "$2a$10$vymphRoJUCBxX.bjP0uMneBWretCxEPBPKiDgKCPtzm/VC7Z7F23O"], ["created_at", "2015-04-14 19:48:22.496981"], ["updated_at", "2015-04-14 19:48:22.496981"]]
  [1m[35m (1.1ms)[0m  COMMIT
  [1m[36m (0.1ms)[0m  [1mBEGIN[0m
  [1m[35mUser Exists (0.3ms)[0m  SELECT  1 AS one FROM "users" WHERE "users"."username" = 'Lucas' LIMIT 1
  [1m[36mUser Exists (0.2ms)[0m  [1mSELECT  1 AS one FROM "users" WHERE "users"."email" = 'lucase@gmail.com' LIMIT 1[0m
  [1m[35mSQL (0.2ms)[0m  INSERT INTO "users" ("username", "email", "password_digest", "created_at", "updated_at") VALUES ($1, $2, $3, $4, $5) RETURNING "id"  [["username", "Lucas"], ["email", "lucase@gmail.com"], ["password_digest", "$2a$10$OwuscyruSgk6zCnwNviW2uADfl2XkJMkafU8BJReGM9vIYCrEkWpm"], ["created_at", "2015-04-14 19:48:22.577247"], ["updated_at", "2015-04-14 19:48:22.577247"]]
  [1m[36m (0.4ms)[0m  [1mCOMMIT[0m
  [1m[35m (0.1ms)[0m  BEGIN
  [1m[36mSQL (0.6ms)[0m  [1mINSERT INTO "questions" ("user_id", "url", "title", "created_at", "updated_at") VALUES ($1, $2, $3, $4, $5) RETURNING "id"[0m  [["user_id", 1], ["url", "http://upload.wikimedia.org/wikipedia/commons/1/13/Rundown_Shack.jpg"], ["title", "more bacon"], ["created_at", "2015-04-14 19:48:22.592080"], ["updated_at", "2015-04-14 19:48:22.592080"]]
  [1m[35m (0.4ms)[0m  COMMIT
  [1m[36m (0.1ms)[0m  [1mBEGIN[0m
  [1m[35mSQL (0.2ms)[0m  INSERT INTO "questions" ("user_id", "url", "title", "created_at", "updated_at") VALUES ($1, $2, $3, $4, $5) RETURNING "id"  [["user_id", 1], ["url", "http://upload.wikimedia.org/wikipedia/commons/6/6c/Shack_in_Pigeon_Forge,_TN_by_Zachary_Davies.jpg"], ["title", "thats mr. bacon to you"], ["created_at", "2015-04-14 19:48:22.595417"], ["updated_at", "2015-04-14 19:48:22.595417"]]
  [1m[36m (0.3ms)[0m  [1mCOMMIT[0m
  [1m[35m (0.1ms)[0m  BEGIN
  [1m[36mSQL (0.2ms)[0m  [1mINSERT INTO "questions" ("user_id", "url", "title", "created_at", "updated_at") VALUES ($1, $2, $3, $4, $5) RETURNING "id"[0m  [["user_id", 1], ["url", "http://upload.wikimedia.org/wikipedia/commons/9/98/Arvin,_Kern_County,_California._One_in_a_community_of_shacks_in_subdivided_orchard_rented_to_agricul_._._._-_NARA_-_521661.jpg"], ["title", "aaaaaa"], ["created_at", "2015-04-14 19:48:22.597417"], ["updated_at", "2015-04-14 19:48:22.597417"]]
  [1m[35m (0.3ms)[0m  COMMIT
  [1m[36m (0.1ms)[0m  [1mBEGIN[0m
  [1m[35mQuestion Load (0.3ms)[0m  SELECT  "questions".* FROM "questions" WHERE "questions"."id" = $1 LIMIT 1  [["id", 1]]
  [1m[36mSQL (0.4ms)[0m  [1mUPDATE "answers" SET "accepted" = 'f' WHERE "answers"."question_id" = $1[0m  [["question_id", 1]]
  [1m[35mSQL (0.4ms)[0m  INSERT INTO "answers" ("question_id", "user_id", "content", "created_at", "updated_at") VALUES ($1, $2, $3, $4, $5) RETURNING "id"  [["question_id", 1], ["user_id", 1], ["content", "NO! I WANT CHICKEN!"], ["created_at", "2015-04-14 19:48:22.629279"], ["updated_at", "2015-04-14 19:48:22.629279"]]
  [1m[36m (0.4ms)[0m  [1mCOMMIT[0m
  [1m[35m (0.1ms)[0m  BEGIN
  [1m[36mQuestion Load (0.2ms)[0m  [1mSELECT  "questions".* FROM "questions" WHERE "questions"."id" = $1 LIMIT 1[0m  [["id", 1]]
  [1m[35mSQL (0.2ms)[0m  UPDATE "answers" SET "accepted" = 'f' WHERE "answers"."question_id" = $1  [["question_id", 1]]
  [1m[36mSQL (0.2ms)[0m  [1mINSERT INTO "answers" ("question_id", "user_id", "content", "created_at", "updated_at") VALUES ($1, $2, $3, $4, $5) RETURNING "id"[0m  [["question_id", 1], ["user_id", 1], ["content", "NO! I WANT CHICKEN!"], ["created_at", "2015-04-14 19:48:22.634226"], ["updated_at", "2015-04-14 19:48:22.634226"]]
  [1m[35m (0.3ms)[0m  COMMIT
  [1m[36m (0.1ms)[0m  [1mBEGIN[0m
  [1m[35mSQL (0.5ms)[0m  INSERT INTO "comments" ("commentable_id", "commentable_type", "content", "created_at", "updated_at") VALUES ($1, $2, $3, $4, $5) RETURNING "id"  [["commentable_id", 1], ["commentable_type", "Question"], ["content", "Veggie Bacon"], ["created_at", "2015-04-14 19:48:22.683353"], ["updated_at", "2015-04-14 19:48:22.683353"]]
  [1m[36m (0.3ms)[0m  [1mCOMMIT[0m
  [1m[35m (0.1ms)[0m  BEGIN
  [1m[36mSQL (0.2ms)[0m  [1mINSERT INTO "comments" ("commentable_id", "commentable_type", "content", "created_at", "updated_at") VALUES ($1, $2, $3, $4, $5) RETURNING "id"[0m  [["commentable_id", 1], ["commentable_type", "Answer"], ["content", "Veggie Bacon"], ["created_at", "2015-04-14 19:48:22.685926"], ["updated_at", "2015-04-14 19:48:22.685926"]]
  [1m[35m (0.3ms)[0m  COMMIT
  [1m[36m (0.1ms)[0m  [1mBEGIN[0m
  [1m[35mSQL (0.5ms)[0m  INSERT INTO "votes" ("votable_id", "votable_type", "user_id", "value", "created_at", "updated_at") VALUES ($1, $2, $3, $4, $5, $6) RETURNING "id"  [["votable_id", 1], ["votable_type", "Question"], ["user_id", 1], ["value", 1], ["created_at", "2015-04-14 19:48:22.696563"], ["updated_at", "2015-04-14 19:48:22.696563"]]
  [1m[36m (0.4ms)[0m  [1mCOMMIT[0m
  [1m[35m (0.1ms)[0m  BEGIN
  [1m[36mSQL (0.2ms)[0m  [1mINSERT INTO "votes" ("votable_id", "votable_type", "user_id", "value", "created_at", "updated_at") VALUES ($1, $2, $3, $4, $5, $6) RETURNING "id"[0m  [["votable_id", 1], ["votable_type", "Answer"], ["user_id", 1], ["value", 1], ["created_at", "2015-04-14 19:48:22.699524"], ["updated_at", "2015-04-14 19:48:22.699524"]]
  [1m[35m (0.3ms)[0m  COMMIT
  [1m[36m (0.1ms)[0m  [1mBEGIN[0m
  [1m[35mSQL (0.2ms)[0m  INSERT INTO "votes" ("votable_id", "votable_type", "user_id", "value", "created_at", "updated_at") VALUES ($1, $2, $3, $4, $5, $6) RETURNING "id"  [["votable_id", 2], ["votable_type", "Answer"], ["user_id", 1], ["value", 1], ["created_at", "2015-04-14 19:48:22.701339"], ["updated_at", "2015-04-14 19:48:22.701339"]]
  [1m[36m (0.3ms)[0m  [1mCOMMIT[0m
  [1m[35m (0.1ms)[0m  BEGIN
  [1m[36mSQL (0.2ms)[0m  [1mINSERT INTO "votes" ("votable_id", "votable_type", "user_id", "value", "created_at", "updated_at") VALUES ($1, $2, $3, $4, $5, $6) RETURNING "id"[0m  [["votable_id", 2], ["votable_type", "Question"], ["user_id", 2], ["value", 1], ["created_at", "2015-04-14 19:48:22.703169"], ["updated_at", "2015-04-14 19:48:22.703169"]]
  [1m[35m (0.3ms)[0m  COMMIT
  [1m[36m (0.1ms)[0m  [1mBEGIN[0m
  [1m[35mSQL (0.2ms)[0m  INSERT INTO "votes" ("votable_id", "votable_type", "user_id", "value", "created_at", "updated_at") VALUES ($1, $2, $3, $4, $5, $6) RETURNING "id"  [["votable_id", 2], ["votable_type", "Question"], ["user_id", 1], ["value", 1], ["created_at", "2015-04-14 19:48:22.704932"], ["updated_at", "2015-04-14 19:48:22.704932"]]
  [1m[36m (0.3ms)[0m  [1mCOMMIT[0m


Started GET "/" for ::1 at 2015-04-14 15:56:40 -0400
  [1m[36mActiveRecord::SchemaMigration Load (0.5ms)[0m  [1mSELECT "schema_migrations".* FROM "schema_migrations"[0m
Processing by WelcomeController#index as HTML
  Rendered welcome/index.html.erb within layouts/application (1.6ms)
Completed 200 OK in 142ms (Views: 130.2ms | ActiveRecord: 0.0ms)


Started GET "/assets/base-9ace492b1eba3665542a7fa8e1f4a9fa.css?body=1" for ::1 at 2015-04-14 15:56:41 -0400


Started GET "/assets/application-341c6febfb81c499baf602f60f70f0ab.css?body=1" for ::1 at 2015-04-14 15:56:41 -0400


Started GET "/assets/jquery-87424c3c19e96d4fb033c10ebe21ec40.js?body=1" for ::1 at 2015-04-14 15:56:41 -0400


Started GET "/assets/font-e62667dfc9f96164adc106093f77951d.css?body=1" for ::1 at 2015-04-14 15:56:41 -0400


Started GET "/assets/jquery_ujs-e27bd20a10d28155845a22d71ef94f2f.js?body=1" for ::1 at 2015-04-14 15:56:41 -0400


Started GET "/assets/answer-ff84f1ae2132f6ae0178b1e766bf7f24.js?body=1" for ::1 at 2015-04-14 15:56:41 -0400


Started GET "/assets/app-276fcb59e629114cc5b6392773a956e2.js?body=1" for ::1 at 2015-04-14 15:56:41 -0400


Started GET "/assets/comment-4a3260b3bc3c301cd1b059ca5e2ec1f2.js?body=1" for ::1 at 2015-04-14 15:56:41 -0400


Started GET "/assets/login-e48bffc4427e5aee6b0443ee5cfa4253.js?body=1" for ::1 at 2015-04-14 15:56:41 -0400


Started GET "/assets/question-9cc39715095d4e05fa3647ea00d586a5.js?body=1" for ::1 at 2015-04-14 15:56:41 -0400


Started GET "/assets/application-a7606ca2d39bd8cba842dfad33263387.js?body=1" for ::1 at 2015-04-14 15:56:41 -0400


Started GET "/login" for ::1 at 2015-04-14 15:56:42 -0400
Processing by SessionsController#new as */*
  Rendered sessions/new.html.erb (17.3ms)
Completed 200 OK in 49ms (Views: 29.0ms | ActiveRecord: 3.7ms)


Started GET "/assets/shaq_laying_down.jpg" for ::1 at 2015-04-14 15:56:42 -0400


Started GET "/assets/small_shaq.png" for ::1 at 2015-04-14 15:56:42 -0400
